<?xml version="1.0" encoding="UTF-8"?>
<testsuite name="ru.netology.MainKtTest" tests="7" skipped="0" failures="0" errors="0" timestamp="2022-03-19T07:01:31" hostname="ALEXANDER" time="0.117">
  <properties/>
  <testcase name="calculate_transfer_with_mastercard_maestro_without_previous" classname="ru.netology.MainKtTest" time="0.112"/>
  <testcase name="calculate_transfer_only_with_amount" classname="ru.netology.MainKtTest" time="0.0"/>
  <testcase name="calculate_transfer_with_visa_mir" classname="ru.netology.MainKtTest" time="0.001"/>
  <testcase name="calculate_transfer_with_wrong_card_type" classname="ru.netology.MainKtTest" time="0.0"/>
  <testcase name="calculate_transfer_with_visa_mir_min_commission" classname="ru.netology.MainKtTest" time="0.0"/>
  <testcase name="calculate_transfer_with_mastercard_maestro" classname="ru.netology.MainKtTest" time="0.001"/>
  <testcase name="calculate_transfer_with_amount_and_previous" classname="ru.netology.MainKtTest" time="0.0"/>
  <system-out><![CDATA[]]></system-out>
  <system-err><![CDATA[]]></system-err>
</testsuite>
